<?xml version="1.0" encoding="UTF-8"?>
<testsuite xmlns:xsi="http://www.w3.org/2001/XMLSchema-instance" xsi:noNamespaceSchemaLocation="https://maven.apache.org/surefire/maven-surefire-plugin/xsd/surefire-test-report-3.0.xsd" version="3.0" name="TestSuite" time="80.434" tests="6" errors="0" skipped="0" failures="0">
  <properties>
    <property name="sun.desktop" value="windows"/>
    <property name="awt.toolkit" value="sun.awt.windows.WToolkit"/>
    <property name="file.encoding.pkg" value="sun.io"/>
    <property name="java.specification.version" value="1.8"/>
    <property name="webdriver.chrome.driver" value="D:\java_workspace\SeleniumTestPOMJava/drivers/chromedriver/chromedriver.exe"/>
    <property name="sun.cpu.isalist" value="amd64"/>
    <property name="sun.jnu.encoding" value="Cp1252"/>
    <property name="java.class.path" value="D:\java_workspace\SeleniumTestPOMJava\target\test-classes;D:\java_workspace\SeleniumTestPOMJava\target\classes;C:\Users\sakshi.rustagi\.m2\repository\org\seleniumhq\selenium\selenium-java\3.141.59\selenium-java-3.141.59.jar;C:\Users\sakshi.rustagi\.m2\repository\org\seleniumhq\selenium\selenium-api\3.141.59\selenium-api-3.141.59.jar;C:\Users\sakshi.rustagi\.m2\repository\org\seleniumhq\selenium\selenium-chrome-driver\3.141.59\selenium-chrome-driver-3.141.59.jar;C:\Users\sakshi.rustagi\.m2\repository\org\seleniumhq\selenium\selenium-edge-driver\3.141.59\selenium-edge-driver-3.141.59.jar;C:\Users\sakshi.rustagi\.m2\repository\org\seleniumhq\selenium\selenium-firefox-driver\3.141.59\selenium-firefox-driver-3.141.59.jar;C:\Users\sakshi.rustagi\.m2\repository\org\seleniumhq\selenium\selenium-ie-driver\3.141.59\selenium-ie-driver-3.141.59.jar;C:\Users\sakshi.rustagi\.m2\repository\org\seleniumhq\selenium\selenium-opera-driver\3.141.59\selenium-opera-driver-3.141.59.jar;C:\Users\sakshi.rustagi\.m2\repository\org\seleniumhq\selenium\selenium-remote-driver\3.141.59\selenium-remote-driver-3.141.59.jar;C:\Users\sakshi.rustagi\.m2\repository\org\seleniumhq\selenium\selenium-safari-driver\3.141.59\selenium-safari-driver-3.141.59.jar;C:\Users\sakshi.rustagi\.m2\repository\org\seleniumhq\selenium\selenium-support\3.141.59\selenium-support-3.141.59.jar;C:\Users\sakshi.rustagi\.m2\repository\net\bytebuddy\byte-buddy\1.8.15\byte-buddy-1.8.15.jar;C:\Users\sakshi.rustagi\.m2\repository\org\apache\commons\commons-exec\1.3\commons-exec-1.3.jar;C:\Users\sakshi.rustagi\.m2\repository\com\google\guava\guava\25.0-jre\guava-25.0-jre.jar;C:\Users\sakshi.rustagi\.m2\repository\com\google\code\findbugs\jsr305\1.3.9\jsr305-1.3.9.jar;C:\Users\sakshi.rustagi\.m2\repository\org\checkerframework\checker-compat-qual\2.0.0\checker-compat-qual-2.0.0.jar;C:\Users\sakshi.rustagi\.m2\repository\com\google\errorprone\error_prone_annotations\2.1.3\error_prone_annotations-2.1.3.jar;C:\Users\sakshi.rustagi\.m2\repository\com\google\j2objc\j2objc-annotations\1.1\j2objc-annotations-1.1.jar;C:\Users\sakshi.rustagi\.m2\repository\org\codehaus\mojo\animal-sniffer-annotations\1.14\animal-sniffer-annotations-1.14.jar;C:\Users\sakshi.rustagi\.m2\repository\com\squareup\okhttp3\okhttp\3.11.0\okhttp-3.11.0.jar;C:\Users\sakshi.rustagi\.m2\repository\com\squareup\okio\okio\1.14.0\okio-1.14.0.jar;C:\Users\sakshi.rustagi\.m2\repository\org\testng\testng\7.3.0\testng-7.3.0.jar;C:\Users\sakshi.rustagi\.m2\repository\com\beust\jcommander\1.78\jcommander-1.78.jar;C:\Users\sakshi.rustagi\.m2\repository\org\apache\ant\ant\1.10.3\ant-1.10.3.jar;C:\Users\sakshi.rustagi\.m2\repository\org\apache\ant\ant-launcher\1.10.3\ant-launcher-1.10.3.jar;C:\Users\sakshi.rustagi\.m2\repository\junit\junit\4.12\junit-4.12.jar;C:\Users\sakshi.rustagi\.m2\repository\org\hamcrest\hamcrest-core\1.3\hamcrest-core-1.3.jar;C:\Users\sakshi.rustagi\.m2\repository\com\google\inject\guice\4.2.2\guice-4.2.2-no_aop.jar;C:\Users\sakshi.rustagi\.m2\repository\javax\inject\javax.inject\1\javax.inject-1.jar;C:\Users\sakshi.rustagi\.m2\repository\aopalliance\aopalliance\1.0\aopalliance-1.0.jar;C:\Users\sakshi.rustagi\.m2\repository\org\yaml\snakeyaml\1.21\snakeyaml-1.21.jar;C:\Users\sakshi.rustagi\.m2\repository\com\aventstack\extentreports\3.1.5\extentreports-3.1.5.jar;C:\Users\sakshi.rustagi\.m2\repository\org\freemarker\freemarker\2.3.23\freemarker-2.3.23.jar;C:\Users\sakshi.rustagi\.m2\repository\org\mongodb\mongodb-driver\3.3.0\mongodb-driver-3.3.0.jar;C:\Users\sakshi.rustagi\.m2\repository\org\mongodb\bson\3.3.0\bson-3.3.0.jar;C:\Users\sakshi.rustagi\.m2\repository\org\mongodb\mongodb-driver-core\3.3.0\mongodb-driver-core-3.3.0.jar;C:\Users\sakshi.rustagi\.m2\repository\org\apache\httpcomponents\httpclient\4.5.2\httpclient-4.5.2.jar;C:\Users\sakshi.rustagi\.m2\repository\org\apache\httpcomponents\httpcore\4.4.4\httpcore-4.4.4.jar;C:\Users\sakshi.rustagi\.m2\repository\commons-logging\commons-logging\1.2\commons-logging-1.2.jar;C:\Users\sakshi.rustagi\.m2\repository\commons-codec\commons-codec\1.9\commons-codec-1.9.jar;C:\Users\sakshi.rustagi\.m2\repository\org\apache\httpcomponents\httpmime\4.5.2\httpmime-4.5.2.jar;C:\Users\sakshi.rustagi\.m2\repository\org\jsoup\jsoup\1.9.2\jsoup-1.9.2.jar;C:\Users\sakshi.rustagi\.m2\repository\com\google\code\gson\gson\2.8.0\gson-2.8.0.jar;C:\Users\sakshi.rustagi\.m2\repository\org\apache\poi\poi-ooxml\5.0.0\poi-ooxml-5.0.0.jar;C:\Users\sakshi.rustagi\.m2\repository\org\apache\poi\poi\5.0.0\poi-5.0.0.jar;C:\Users\sakshi.rustagi\.m2\repository\org\slf4j\slf4j-api\1.7.30\slf4j-api-1.7.30.jar;C:\Users\sakshi.rustagi\.m2\repository\org\slf4j\jcl-over-slf4j\1.7.30\jcl-over-slf4j-1.7.30.jar;C:\Users\sakshi.rustagi\.m2\repository\org\apache\commons\commons-collections4\4.4\commons-collections4-4.4.jar;C:\Users\sakshi.rustagi\.m2\repository\org\apache\commons\commons-math3\3.6.1\commons-math3-3.6.1.jar;C:\Users\sakshi.rustagi\.m2\repository\com\zaxxer\SparseBitSet\1.2\SparseBitSet-1.2.jar;C:\Users\sakshi.rustagi\.m2\repository\org\apache\poi\poi-ooxml-lite\5.0.0\poi-ooxml-lite-5.0.0.jar;C:\Users\sakshi.rustagi\.m2\repository\org\apache\xmlbeans\xmlbeans\4.0.0\xmlbeans-4.0.0.jar;C:\Users\sakshi.rustagi\.m2\repository\xml-apis\xml-apis\1.4.01\xml-apis-1.4.01.jar;C:\Users\sakshi.rustagi\.m2\repository\org\apache\commons\commons-compress\1.20\commons-compress-1.20.jar;C:\Users\sakshi.rustagi\.m2\repository\com\github\virtuald\curvesapi\1.06\curvesapi-1.06.jar;C:\Users\sakshi.rustagi\.m2\repository\org\bouncycastle\bcpkix-jdk15on\1.68\bcpkix-jdk15on-1.68.jar;C:\Users\sakshi.rustagi\.m2\repository\org\bouncycastle\bcprov-jdk15on\1.68\bcprov-jdk15on-1.68.jar;C:\Users\sakshi.rustagi\.m2\repository\org\apache\santuario\xmlsec\2.2.1\xmlsec-2.2.1.jar;C:\Users\sakshi.rustagi\.m2\repository\com\fasterxml\woodstox\woodstox-core\5.2.1\woodstox-core-5.2.1.jar;C:\Users\sakshi.rustagi\.m2\repository\org\codehaus\woodstox\stax2-api\4.2\stax2-api-4.2.jar;C:\Users\sakshi.rustagi\.m2\repository\org\apache\xmlgraphics\batik-all\1.13\batik-all-1.13.jar;C:\Users\sakshi.rustagi\.m2\repository\org\apache\xmlgraphics\batik-anim\1.13\batik-anim-1.13.jar;C:\Users\sakshi.rustagi\.m2\repository\org\apache\xmlgraphics\batik-shared-resources\1.13\batik-shared-resources-1.13.jar;C:\Users\sakshi.rustagi\.m2\repository\xml-apis\xml-apis-ext\1.3.04\xml-apis-ext-1.3.04.jar;C:\Users\sakshi.rustagi\.m2\repository\org\apache\xmlgraphics\batik-awt-util\1.13\batik-awt-util-1.13.jar;C:\Users\sakshi.rustagi\.m2\repository\org\apache\xmlgraphics\xmlgraphics-commons\2.4\xmlgraphics-commons-2.4.jar;C:\Users\sakshi.rustagi\.m2\repository\commons-io\commons-io\1.3.1\commons-io-1.3.1.jar;C:\Users\sakshi.rustagi\.m2\repository\org\apache\xmlgraphics\batik-bridge\1.13\batik-bridge-1.13.jar;C:\Users\sakshi.rustagi\.m2\repository\org\apache\xmlgraphics\batik-codec\1.13\batik-codec-1.13.jar;C:\Users\sakshi.rustagi\.m2\repository\org\apache\xmlgraphics\batik-constants\1.13\batik-constants-1.13.jar;C:\Users\sakshi.rustagi\.m2\repository\org\apache\xmlgraphics\batik-css\1.13\batik-css-1.13.jar;C:\Users\sakshi.rustagi\.m2\repository\org\apache\xmlgraphics\batik-dom\1.13\batik-dom-1.13.jar;C:\Users\sakshi.rustagi\.m2\repository\xalan\xalan\2.7.2\xalan-2.7.2.jar;C:\Users\sakshi.rustagi\.m2\repository\xalan\serializer\2.7.2\serializer-2.7.2.jar;C:\Users\sakshi.rustagi\.m2\repository\org\apache\xmlgraphics\batik-ext\1.13\batik-ext-1.13.jar;C:\Users\sakshi.rustagi\.m2\repository\org\apache\xmlgraphics\batik-extension\1.13\batik-extension-1.13.jar;C:\Users\sakshi.rustagi\.m2\repository\org\apache\xmlgraphics\batik-gui-util\1.13\batik-gui-util-1.13.jar;C:\Users\sakshi.rustagi\.m2\repository\org\apache\xmlgraphics\batik-gvt\1.13\batik-gvt-1.13.jar;C:\Users\sakshi.rustagi\.m2\repository\org\apache\xmlgraphics\batik-i18n\1.13\batik-i18n-1.13.jar;C:\Users\sakshi.rustagi\.m2\repository\org\apache\xmlgraphics\batik-parser\1.13\batik-parser-1.13.jar;C:\Users\sakshi.rustagi\.m2\repository\org\apache\xmlgraphics\batik-rasterizer-ext\1.13\batik-rasterizer-ext-1.13.jar;C:\Users\sakshi.rustagi\.m2\repository\org\apache\xmlgraphics\batik-rasterizer\1.13\batik-rasterizer-1.13.jar;C:\Users\sakshi.rustagi\.m2\repository\org\apache\xmlgraphics\batik-script\1.13\batik-script-1.13.jar;C:\Users\sakshi.rustagi\.m2\repository\org\apache\xmlgraphics\batik-slideshow\1.13\batik-slideshow-1.13.jar;C:\Users\sakshi.rustagi\.m2\repository\org\apache\xmlgraphics\batik-squiggle-ext\1.13\batik-squiggle-ext-1.13.jar;C:\Users\sakshi.rustagi\.m2\repository\org\apache\xmlgraphics\batik-squiggle\1.13\batik-squiggle-1.13.jar;C:\Users\sakshi.rustagi\.m2\repository\org\apache\xmlgraphics\batik-svg-dom\1.13\batik-svg-dom-1.13.jar;C:\Users\sakshi.rustagi\.m2\repository\org\apache\xmlgraphics\batik-svgbrowser\1.13\batik-svgbrowser-1.13.jar;C:\Users\sakshi.rustagi\.m2\repository\org\apache\xmlgraphics\batik-svggen\1.13\batik-svggen-1.13.jar;C:\Users\sakshi.rustagi\.m2\repository\org\apache\xmlgraphics\batik-svgpp\1.13\batik-svgpp-1.13.jar;C:\Users\sakshi.rustagi\.m2\repository\org\apache\xmlgraphics\batik-svgrasterizer\1.13\batik-svgrasterizer-1.13.jar;C:\Users\sakshi.rustagi\.m2\repository\org\apache\xmlgraphics\batik-swing\1.13\batik-swing-1.13.jar;C:\Users\sakshi.rustagi\.m2\repository\org\apache\xmlgraphics\batik-transcoder\1.13\batik-transcoder-1.13.jar;C:\Users\sakshi.rustagi\.m2\repository\org\apache\xmlgraphics\batik-util\1.13\batik-util-1.13.jar;C:\Users\sakshi.rustagi\.m2\repository\org\apache\xmlgraphics\batik-ttf2svg\1.13\batik-ttf2svg-1.13.jar;C:\Users\sakshi.rustagi\.m2\repository\org\apache\xmlgraphics\batik-xml\1.13\batik-xml-1.13.jar;C:\Users\sakshi.rustagi\.m2\repository\de\rototor\pdfbox\graphics2d\0.30\graphics2d-0.30.jar;C:\Users\sakshi.rustagi\.m2\repository\org\apache\pdfbox\pdfbox\2.0.22\pdfbox-2.0.22.jar;C:\Users\sakshi.rustagi\.m2\repository\org\apache\pdfbox\fontbox\2.0.22\fontbox-2.0.22.jar;C:\Users\sakshi.rustagi\.m2\repository\mysql\mysql-connector-java\8.0.23\mysql-connector-java-8.0.23.jar;C:\Users\sakshi.rustagi\.m2\repository\com\google\protobuf\protobuf-java\3.11.4\protobuf-java-3.11.4.jar;"/>
    <property name="java.vm.vendor" value="Oracle Corporation"/>
    <property name="sun.arch.data.model" value="64"/>
    <property name="user.variant" value=""/>
    <property name="java.vendor.url" value="http://java.oracle.com/"/>
    <property name="user.timezone" value="Asia/Calcutta"/>
    <property name="java.vm.specification.version" value="1.8"/>
    <property name="os.name" value="Windows 10"/>
    <property name="user.country" value="IN"/>
    <property name="sun.java.launcher" value="SUN_STANDARD"/>
    <property name="sun.boot.library.path" value="C:\Program Files\Java\jdk1.8.0_171\jre\bin"/>
    <property name="sun.java.command" value="C:\Users\sakshi.rustagi\AppData\Local\Temp\surefire6075362763489447680\surefirebooter5004045396486220200.jar C:\Users\sakshi.rustagi\AppData\Local\Temp\surefire6075362763489447680 2021-04-07T03-43-20_082-jvmRun1 surefire7620822392209704145tmp surefire_05731179176674477628tmp"/>
    <property name="surefire.test.class.path" value="D:\java_workspace\SeleniumTestPOMJava\target\test-classes;D:\java_workspace\SeleniumTestPOMJava\target\classes;C:\Users\sakshi.rustagi\.m2\repository\org\seleniumhq\selenium\selenium-java\3.141.59\selenium-java-3.141.59.jar;C:\Users\sakshi.rustagi\.m2\repository\org\seleniumhq\selenium\selenium-api\3.141.59\selenium-api-3.141.59.jar;C:\Users\sakshi.rustagi\.m2\repository\org\seleniumhq\selenium\selenium-chrome-driver\3.141.59\selenium-chrome-driver-3.141.59.jar;C:\Users\sakshi.rustagi\.m2\repository\org\seleniumhq\selenium\selenium-edge-driver\3.141.59\selenium-edge-driver-3.141.59.jar;C:\Users\sakshi.rustagi\.m2\repository\org\seleniumhq\selenium\selenium-firefox-driver\3.141.59\selenium-firefox-driver-3.141.59.jar;C:\Users\sakshi.rustagi\.m2\repository\org\seleniumhq\selenium\selenium-ie-driver\3.141.59\selenium-ie-driver-3.141.59.jar;C:\Users\sakshi.rustagi\.m2\repository\org\seleniumhq\selenium\selenium-opera-driver\3.141.59\selenium-opera-driver-3.141.59.jar;C:\Users\sakshi.rustagi\.m2\repository\org\seleniumhq\selenium\selenium-remote-driver\3.141.59\selenium-remote-driver-3.141.59.jar;C:\Users\sakshi.rustagi\.m2\repository\org\seleniumhq\selenium\selenium-safari-driver\3.141.59\selenium-safari-driver-3.141.59.jar;C:\Users\sakshi.rustagi\.m2\repository\org\seleniumhq\selenium\selenium-support\3.141.59\selenium-support-3.141.59.jar;C:\Users\sakshi.rustagi\.m2\repository\net\bytebuddy\byte-buddy\1.8.15\byte-buddy-1.8.15.jar;C:\Users\sakshi.rustagi\.m2\repository\org\apache\commons\commons-exec\1.3\commons-exec-1.3.jar;C:\Users\sakshi.rustagi\.m2\repository\com\google\guava\guava\25.0-jre\guava-25.0-jre.jar;C:\Users\sakshi.rustagi\.m2\repository\com\google\code\findbugs\jsr305\1.3.9\jsr305-1.3.9.jar;C:\Users\sakshi.rustagi\.m2\repository\org\checkerframework\checker-compat-qual\2.0.0\checker-compat-qual-2.0.0.jar;C:\Users\sakshi.rustagi\.m2\repository\com\google\errorprone\error_prone_annotations\2.1.3\error_prone_annotations-2.1.3.jar;C:\Users\sakshi.rustagi\.m2\repository\com\google\j2objc\j2objc-annotations\1.1\j2objc-annotations-1.1.jar;C:\Users\sakshi.rustagi\.m2\repository\org\codehaus\mojo\animal-sniffer-annotations\1.14\animal-sniffer-annotations-1.14.jar;C:\Users\sakshi.rustagi\.m2\repository\com\squareup\okhttp3\okhttp\3.11.0\okhttp-3.11.0.jar;C:\Users\sakshi.rustagi\.m2\repository\com\squareup\okio\okio\1.14.0\okio-1.14.0.jar;C:\Users\sakshi.rustagi\.m2\repository\org\testng\testng\7.3.0\testng-7.3.0.jar;C:\Users\sakshi.rustagi\.m2\repository\com\beust\jcommander\1.78\jcommander-1.78.jar;C:\Users\sakshi.rustagi\.m2\repository\org\apache\ant\ant\1.10.3\ant-1.10.3.jar;C:\Users\sakshi.rustagi\.m2\repository\org\apache\ant\ant-launcher\1.10.3\ant-launcher-1.10.3.jar;C:\Users\sakshi.rustagi\.m2\repository\junit\junit\4.12\junit-4.12.jar;C:\Users\sakshi.rustagi\.m2\repository\org\hamcrest\hamcrest-core\1.3\hamcrest-core-1.3.jar;C:\Users\sakshi.rustagi\.m2\repository\com\google\inject\guice\4.2.2\guice-4.2.2-no_aop.jar;C:\Users\sakshi.rustagi\.m2\repository\javax\inject\javax.inject\1\javax.inject-1.jar;C:\Users\sakshi.rustagi\.m2\repository\aopalliance\aopalliance\1.0\aopalliance-1.0.jar;C:\Users\sakshi.rustagi\.m2\repository\org\yaml\snakeyaml\1.21\snakeyaml-1.21.jar;C:\Users\sakshi.rustagi\.m2\repository\com\aventstack\extentreports\3.1.5\extentreports-3.1.5.jar;C:\Users\sakshi.rustagi\.m2\repository\org\freemarker\freemarker\2.3.23\freemarker-2.3.23.jar;C:\Users\sakshi.rustagi\.m2\repository\org\mongodb\mongodb-driver\3.3.0\mongodb-driver-3.3.0.jar;C:\Users\sakshi.rustagi\.m2\repository\org\mongodb\bson\3.3.0\bson-3.3.0.jar;C:\Users\sakshi.rustagi\.m2\repository\org\mongodb\mongodb-driver-core\3.3.0\mongodb-driver-core-3.3.0.jar;C:\Users\sakshi.rustagi\.m2\repository\org\apache\httpcomponents\httpclient\4.5.2\httpclient-4.5.2.jar;C:\Users\sakshi.rustagi\.m2\repository\org\apache\httpcomponents\httpcore\4.4.4\httpcore-4.4.4.jar;C:\Users\sakshi.rustagi\.m2\repository\commons-logging\commons-logging\1.2\commons-logging-1.2.jar;C:\Users\sakshi.rustagi\.m2\repository\commons-codec\commons-codec\1.9\commons-codec-1.9.jar;C:\Users\sakshi.rustagi\.m2\repository\org\apache\httpcomponents\httpmime\4.5.2\httpmime-4.5.2.jar;C:\Users\sakshi.rustagi\.m2\repository\org\jsoup\jsoup\1.9.2\jsoup-1.9.2.jar;C:\Users\sakshi.rustagi\.m2\repository\com\google\code\gson\gson\2.8.0\gson-2.8.0.jar;C:\Users\sakshi.rustagi\.m2\repository\org\apache\poi\poi-ooxml\5.0.0\poi-ooxml-5.0.0.jar;C:\Users\sakshi.rustagi\.m2\repository\org\apache\poi\poi\5.0.0\poi-5.0.0.jar;C:\Users\sakshi.rustagi\.m2\repository\org\slf4j\slf4j-api\1.7.30\slf4j-api-1.7.30.jar;C:\Users\sakshi.rustagi\.m2\repository\org\slf4j\jcl-over-slf4j\1.7.30\jcl-over-slf4j-1.7.30.jar;C:\Users\sakshi.rustagi\.m2\repository\org\apache\commons\commons-collections4\4.4\commons-collections4-4.4.jar;C:\Users\sakshi.rustagi\.m2\repository\org\apache\commons\commons-math3\3.6.1\commons-math3-3.6.1.jar;C:\Users\sakshi.rustagi\.m2\repository\com\zaxxer\SparseBitSet\1.2\SparseBitSet-1.2.jar;C:\Users\sakshi.rustagi\.m2\repository\org\apache\poi\poi-ooxml-lite\5.0.0\poi-ooxml-lite-5.0.0.jar;C:\Users\sakshi.rustagi\.m2\repository\org\apache\xmlbeans\xmlbeans\4.0.0\xmlbeans-4.0.0.jar;C:\Users\sakshi.rustagi\.m2\repository\xml-apis\xml-apis\1.4.01\xml-apis-1.4.01.jar;C:\Users\sakshi.rustagi\.m2\repository\org\apache\commons\commons-compress\1.20\commons-compress-1.20.jar;C:\Users\sakshi.rustagi\.m2\repository\com\github\virtuald\curvesapi\1.06\curvesapi-1.06.jar;C:\Users\sakshi.rustagi\.m2\repository\org\bouncycastle\bcpkix-jdk15on\1.68\bcpkix-jdk15on-1.68.jar;C:\Users\sakshi.rustagi\.m2\repository\org\bouncycastle\bcprov-jdk15on\1.68\bcprov-jdk15on-1.68.jar;C:\Users\sakshi.rustagi\.m2\repository\org\apache\santuario\xmlsec\2.2.1\xmlsec-2.2.1.jar;C:\Users\sakshi.rustagi\.m2\repository\com\fasterxml\woodstox\woodstox-core\5.2.1\woodstox-core-5.2.1.jar;C:\Users\sakshi.rustagi\.m2\repository\org\codehaus\woodstox\stax2-api\4.2\stax2-api-4.2.jar;C:\Users\sakshi.rustagi\.m2\repository\org\apache\xmlgraphics\batik-all\1.13\batik-all-1.13.jar;C:\Users\sakshi.rustagi\.m2\repository\org\apache\xmlgraphics\batik-anim\1.13\batik-anim-1.13.jar;C:\Users\sakshi.rustagi\.m2\repository\org\apache\xmlgraphics\batik-shared-resources\1.13\batik-shared-resources-1.13.jar;C:\Users\sakshi.rustagi\.m2\repository\xml-apis\xml-apis-ext\1.3.04\xml-apis-ext-1.3.04.jar;C:\Users\sakshi.rustagi\.m2\repository\org\apache\xmlgraphics\batik-awt-util\1.13\batik-awt-util-1.13.jar;C:\Users\sakshi.rustagi\.m2\repository\org\apache\xmlgraphics\xmlgraphics-commons\2.4\xmlgraphics-commons-2.4.jar;C:\Users\sakshi.rustagi\.m2\repository\commons-io\commons-io\1.3.1\commons-io-1.3.1.jar;C:\Users\sakshi.rustagi\.m2\repository\org\apache\xmlgraphics\batik-bridge\1.13\batik-bridge-1.13.jar;C:\Users\sakshi.rustagi\.m2\repository\org\apache\xmlgraphics\batik-codec\1.13\batik-codec-1.13.jar;C:\Users\sakshi.rustagi\.m2\repository\org\apache\xmlgraphics\batik-constants\1.13\batik-constants-1.13.jar;C:\Users\sakshi.rustagi\.m2\repository\org\apache\xmlgraphics\batik-css\1.13\batik-css-1.13.jar;C:\Users\sakshi.rustagi\.m2\repository\org\apache\xmlgraphics\batik-dom\1.13\batik-dom-1.13.jar;C:\Users\sakshi.rustagi\.m2\repository\xalan\xalan\2.7.2\xalan-2.7.2.jar;C:\Users\sakshi.rustagi\.m2\repository\xalan\serializer\2.7.2\serializer-2.7.2.jar;C:\Users\sakshi.rustagi\.m2\repository\org\apache\xmlgraphics\batik-ext\1.13\batik-ext-1.13.jar;C:\Users\sakshi.rustagi\.m2\repository\org\apache\xmlgraphics\batik-extension\1.13\batik-extension-1.13.jar;C:\Users\sakshi.rustagi\.m2\repository\org\apache\xmlgraphics\batik-gui-util\1.13\batik-gui-util-1.13.jar;C:\Users\sakshi.rustagi\.m2\repository\org\apache\xmlgraphics\batik-gvt\1.13\batik-gvt-1.13.jar;C:\Users\sakshi.rustagi\.m2\repository\org\apache\xmlgraphics\batik-i18n\1.13\batik-i18n-1.13.jar;C:\Users\sakshi.rustagi\.m2\repository\org\apache\xmlgraphics\batik-parser\1.13\batik-parser-1.13.jar;C:\Users\sakshi.rustagi\.m2\repository\org\apache\xmlgraphics\batik-rasterizer-ext\1.13\batik-rasterizer-ext-1.13.jar;C:\Users\sakshi.rustagi\.m2\repository\org\apache\xmlgraphics\batik-rasterizer\1.13\batik-rasterizer-1.13.jar;C:\Users\sakshi.rustagi\.m2\repository\org\apache\xmlgraphics\batik-script\1.13\batik-script-1.13.jar;C:\Users\sakshi.rustagi\.m2\repository\org\apache\xmlgraphics\batik-slideshow\1.13\batik-slideshow-1.13.jar;C:\Users\sakshi.rustagi\.m2\repository\org\apache\xmlgraphics\batik-squiggle-ext\1.13\batik-squiggle-ext-1.13.jar;C:\Users\sakshi.rustagi\.m2\repository\org\apache\xmlgraphics\batik-squiggle\1.13\batik-squiggle-1.13.jar;C:\Users\sakshi.rustagi\.m2\repository\org\apache\xmlgraphics\batik-svg-dom\1.13\batik-svg-dom-1.13.jar;C:\Users\sakshi.rustagi\.m2\repository\org\apache\xmlgraphics\batik-svgbrowser\1.13\batik-svgbrowser-1.13.jar;C:\Users\sakshi.rustagi\.m2\repository\org\apache\xmlgraphics\batik-svggen\1.13\batik-svggen-1.13.jar;C:\Users\sakshi.rustagi\.m2\repository\org\apache\xmlgraphics\batik-svgpp\1.13\batik-svgpp-1.13.jar;C:\Users\sakshi.rustagi\.m2\repository\org\apache\xmlgraphics\batik-svgrasterizer\1.13\batik-svgrasterizer-1.13.jar;C:\Users\sakshi.rustagi\.m2\repository\org\apache\xmlgraphics\batik-swing\1.13\batik-swing-1.13.jar;C:\Users\sakshi.rustagi\.m2\repository\org\apache\xmlgraphics\batik-transcoder\1.13\batik-transcoder-1.13.jar;C:\Users\sakshi.rustagi\.m2\repository\org\apache\xmlgraphics\batik-util\1.13\batik-util-1.13.jar;C:\Users\sakshi.rustagi\.m2\repository\org\apache\xmlgraphics\batik-ttf2svg\1.13\batik-ttf2svg-1.13.jar;C:\Users\sakshi.rustagi\.m2\repository\org\apache\xmlgraphics\batik-xml\1.13\batik-xml-1.13.jar;C:\Users\sakshi.rustagi\.m2\repository\de\rototor\pdfbox\graphics2d\0.30\graphics2d-0.30.jar;C:\Users\sakshi.rustagi\.m2\repository\org\apache\pdfbox\pdfbox\2.0.22\pdfbox-2.0.22.jar;C:\Users\sakshi.rustagi\.m2\repository\org\apache\pdfbox\fontbox\2.0.22\fontbox-2.0.22.jar;C:\Users\sakshi.rustagi\.m2\repository\mysql\mysql-connector-java\8.0.23\mysql-connector-java-8.0.23.jar;C:\Users\sakshi.rustagi\.m2\repository\com\google\protobuf\protobuf-java\3.11.4\protobuf-java-3.11.4.jar;"/>
    <property name="sun.cpu.endian" value="little"/>
    <property name="user.home" value="C:\Users\sakshi.rustagi"/>
    <property name="user.language" value="en"/>
    <property name="java.specification.vendor" value="Oracle Corporation"/>
    <property name="java.home" value="C:\Program Files\Java\jdk1.8.0_171\jre"/>
    <property name="testng.dtd.http" value="true"/>
    <property name="basedir" value="D:\java_workspace\SeleniumTestPOMJava"/>
    <property name="file.separator" value="\"/>
    <property name="line.separator" value="&#10;"/>
    <property name="filename" value="src\main\resources\testng_sanity.xml"/>
    <property name="java.vm.specification.vendor" value="Oracle Corporation"/>
    <property name="java.specification.name" value="Java Platform API Specification"/>
    <property name="java.awt.graphicsenv" value="sun.awt.Win32GraphicsEnvironment"/>
    <property name="surefire.real.class.path" value="C:\Users\sakshi.rustagi\AppData\Local\Temp\surefire6075362763489447680\surefirebooter5004045396486220200.jar"/>
    <property name="sun.boot.class.path" value="C:\Program Files\Java\jdk1.8.0_171\jre\lib\resources.jar;C:\Program Files\Java\jdk1.8.0_171\jre\lib\rt.jar;C:\Program Files\Java\jdk1.8.0_171\jre\lib\sunrsasign.jar;C:\Program Files\Java\jdk1.8.0_171\jre\lib\jsse.jar;C:\Program Files\Java\jdk1.8.0_171\jre\lib\jce.jar;C:\Program Files\Java\jdk1.8.0_171\jre\lib\charsets.jar;C:\Program Files\Java\jdk1.8.0_171\jre\lib\jfr.jar;C:\Program Files\Java\jdk1.8.0_171\jre\classes"/>
    <property name="user.script" value=""/>
    <property name="sun.management.compiler" value="HotSpot 64-Bit Tiered Compilers"/>
    <property name="java.runtime.version" value="1.8.0_171-b11"/>
    <property name="user.name" value="sakshi.rustagi"/>
    <property name="path.separator" value=";"/>
    <property name="os.version" value="10.0"/>
    <property name="java.endorsed.dirs" value="C:\Program Files\Java\jdk1.8.0_171\jre\lib\endorsed"/>
    <property name="java.runtime.name" value="Java(TM) SE Runtime Environment"/>
    <property name="file.encoding" value="Cp1252"/>
    <property name="java.vm.name" value="Java HotSpot(TM) 64-Bit Server VM"/>
    <property name="localRepository" value="C:\Users\sakshi.rustagi\.m2\repository"/>
    <property name="java.vendor.url.bug" value="http://bugreport.sun.com/bugreport/"/>
    <property name="java.io.tmpdir" value="C:\Users\SAKSHI~1.RUS\AppData\Local\Temp\"/>
    <property name="java.version" value="1.8.0_171"/>
    <property name="user.dir" value="D:\java_workspace\SeleniumTestPOMJava"/>
    <property name="os.arch" value="amd64"/>
    <property name="java.vm.specification.name" value="Java Virtual Machine Specification"/>
    <property name="java.awt.printerjob" value="sun.awt.windows.WPrinterJob"/>
    <property name="sun.os.patch.level" value=""/>
    <property name="java.library.path" value="C:\Program Files\Java\jdk1.8.0_171\jre\bin;C:\WINDOWS\Sun\Java\bin;C:\WINDOWS\system32;C:\WINDOWS;C:\Program Files\Java\jdk1.8.0_171/bin;C:\Program Files\Java\jdk1.8.0_171/bin;C:\Program Files (x86)\Common Files\Oracle\Java\javapath;C:\Program Files (x86)\Intel\Intel(R) Management Engine Components\iCLS\;C:\Program Files\Intel\Intel(R) Management Engine Components\iCLS\;C:\WINDOWS\system32;C:\WINDOWS;C:\WINDOWS\System32\Wbem;C:\WINDOWS\System32\WindowsPowerShell\v1.0\;C:\Program Files (x86)\Intel\Intel(R) Management Engine Components\DAL;C:\Program Files\Intel\Intel(R) Management Engine Components\DAL;C:\Program Files (x86)\Intel\Intel(R) Management Engine Components\IPT;C:\Program Files\Intel\Intel(R) Management Engine Components\IPT;C:\Program Files\TortoiseSVN\bin;C:\Program Files\Java\jdk1.8.0_171\bin;C:\Program Files\Java\jdk1.8.0_171\lib;C:\Program Files\Java\jdk1.8.0_171\jre;C:\Program Files\Java\jdk1.8.0_171\jre\lib;C:\Python27\Tools;C:\Python27\Tools\Scripts;C:\Python27\Lib;C:\Python27\Scripts;C:\jython2.7.0\Lib;C:\jython2.7.0\bin;C:\Program Files\apache-maven-3.5.4-bin\maven\bin;C:\WINDOWS\System32\OpenSSH\;C:\Program Files\Git\cmd;C:\Program Files (x86)\PuTTY\;C:\Program Files\PuTTY\;C:\Program Files\nodejs\;C:\Users\sakshi.rustagi\Desktop\android-sdk\cmdline-tools\platform-tools;C:\Users\sakshi.rustagi\Desktop\android-sdk\tools\bin;C:\TclDevKit\bin;C:\Users\sakshi.rustagi\AppData\Local\Microsoft\WindowsApps;C:\Program Files\Java\jdk1.8.0_171\bin;C:\Program Files\Java\jdk1.8.0_171\lib;C:\Program Files\apache-maven-3.5.4-bin\maven\bin;C:\Program Files\Java\jdk1.8.0_171\jre;C:\Program Files\Java\jdk1.8.0_171\jre\lib;C:\Python27\Tools;C:\Python27\Tools\Scripts;C:\Python27\Lib;C:\Python27;C:\Python27\Scripts;C:\Program Files (x86)\Common Files\Oracle\Java\javapath;C:\Program Files (x86)\Intel\Intel(R) Management Engine Components\iCLS\;C:\Program Files\Intel\Intel(R) Management Engine Components\iCLS\;C:\WINDOWS\system32;C:\WINDOWS;C:\WINDOWS\System32\Wbem;C:\WINDOWS\System32\WindowsPowerShell\v1.0\;C:\Program Files (x86)\Intel\Intel(R) Management Engine Components\DAL;C:\Program Files\Intel\Intel(R) Management Engine Components\DAL;C:\Program Files (x86)\Intel\Intel(R) Management Engine Components\IPT;C:\Program Files\Intel\Intel(R) Management Engine Components\IPT;C:\Program Files\TortoiseSVN\bin;C:\Program Files\Java\jdk1.8.0_171\bin;C:\Program Files\Java\jdk1.8.0_171\lib;C:\Program Files\Java\jdk1.8.0_171\jre;C:\Program Files\Java\jdk1.8.0_171\jre\lib;C:\Python27\Tools;C:\Python27\Tools\Scripts;C:\Python27\Lib;C:\Python27\Scripts;C:\jython2.7.0\Lib;C:\jython2.7.0\bin;C:\Program Files\apache-maven-3.5.4-bin\maven\bin;C:\WINDOWS\System32\OpenSSH\;C:\Program Files\Git\cmd;C:\Program Files (x86)\PuTTY\;C:\Program Files\PuTTY\;C:\Program Files\nodejs\;C:\Users\sakshi.rustagi\Desktop\android-sdk\cmdline-tools\platform-tools;C:\Users\sakshi.rustagi\Desktop\android-sdk\tools\bin;;C:\Users\sakshi.rustagi\AppData\Roaming\npm;;."/>
    <property name="java.vm.info" value="mixed mode"/>
    <property name="java.vendor" value="Oracle Corporation"/>
    <property name="java.vm.version" value="25.171-b11"/>
    <property name="java.ext.dirs" value="C:\Program Files\Java\jdk1.8.0_171\jre\lib\ext;C:\WINDOWS\Sun\Java\lib\ext"/>
    <property name="sun.io.unicode.encoding" value="UnicodeLittle"/>
    <property name="java.class.version" value="52.0"/>
  </properties>
  <testcase name="loginPageTitleTest" classname="com.crm.qa.tests.LoginPageTest" time="0.004">
    <system-out><![CDATA[[TestNGContentHandler] [WARN] It is strongly recommended to add "<!DOCTYPE suite SYSTEM "https://testng.org/testng-1.0.dtd" >" at the top of your file, otherwise TestNG may fail or not work as expected.
Before navigating to URL : https://classic.crmpro.com
Navigated to URL : https://classic.crmpro.com
]]></system-out>
    <system-err><![CDATA[Starting ChromeDriver 88.0.4324.96 (68dba2d8a0b149a1d3afac56fa74648032bcf46b-refs/branch-heads/4324@{#1784}) on port 3649
Only local connections are allowed.
Please see https://chromedriver.chromium.org/security-considerations for suggestions on keeping ChromeDriver safe.
ChromeDriver was started successfully.
[1617747203.420][WARNING]: This version of ChromeDriver has not been tested with Chrome version 89.
Apr 07, 2021 3:43:23 AM org.openqa.selenium.remote.ProtocolHandshake createSession
INFO: Detected dialect: W3C
]]></system-err>
  </testcase>
  <testcase name="crmLogoImageTest" classname="com.crm.qa.tests.LoginPageTest" time="0.053">
    <system-out><![CDATA[Before navigating to URL : https://classic.crmpro.com
Navigated to URL : https://classic.crmpro.com
Trying to find Element By : By.xpath: //img[contains(@src,'https://classic.freecrm.com/img/logo.png')]
Found Element By : By.xpath: //img[contains(@src,'https://classic.freecrm.com/img/logo.png')]
]]></system-out>
    <system-err><![CDATA[Starting ChromeDriver 88.0.4324.96 (68dba2d8a0b149a1d3afac56fa74648032bcf46b-refs/branch-heads/4324@{#1784}) on port 14132
Only local connections are allowed.
Please see https://chromedriver.chromium.org/security-considerations for suggestions on keeping ChromeDriver safe.
ChromeDriver was started successfully.
[1617747211.441][WARNING]: This version of ChromeDriver has not been tested with Chrome version 89.
Apr 07, 2021 3:43:31 AM org.openqa.selenium.remote.ProtocolHandshake createSession
INFO: Detected dialect: W3C
]]></system-err>
  </testcase>
  <testcase name="loginTest" classname="com.crm.qa.tests.LoginPageTest" time="6.957">
    <system-out><![CDATA[Before navigating to URL : https://classic.crmpro.com
Navigated to URL : https://classic.crmpro.com
Trying to find Element By : By.name: username
Found Element By : By.name: username
Value of element : [[ChromeDriver: chrome on WINDOWS (0cfa70455e9cdad8b5e3d0e474cb710d)] -> name: username] before any changes are made : [Ljava.lang.CharSequence;@18cebaa5
Element : [[ChromeDriver: chrome on WINDOWS (0cfa70455e9cdad8b5e3d0e474cb710d)] -> name: username] value changed to : [Ljava.lang.CharSequence;@18cebaa5
Trying to find Element By : By.name: password
Found Element By : By.name: password
Value of element : [[ChromeDriver: chrome on WINDOWS (0cfa70455e9cdad8b5e3d0e474cb710d)] -> name: password] before any changes are made : [Ljava.lang.CharSequence;@3b2c0e88
Element : [[ChromeDriver: chrome on WINDOWS (0cfa70455e9cdad8b5e3d0e474cb710d)] -> name: password] value changed to : [Ljava.lang.CharSequence;@3b2c0e88
Trying to find Element By : By.xpath: //input[@type='submit']
Found Element By : By.xpath: //input[@type='submit']
Trying to click on element : [[ChromeDriver: chrome on WINDOWS (0cfa70455e9cdad8b5e3d0e474cb710d)] -> xpath: //input[@type='submit']]
Clicked on element : [[ChromeDriver: chrome on WINDOWS (0cfa70455e9cdad8b5e3d0e474cb710d)] -> xpath: //input[@type='submit']]
]]></system-out>
    <system-err><![CDATA[Starting ChromeDriver 88.0.4324.96 (68dba2d8a0b149a1d3afac56fa74648032bcf46b-refs/branch-heads/4324@{#1784}) on port 44392
Only local connections are allowed.
Please see https://chromedriver.chromium.org/security-considerations for suggestions on keeping ChromeDriver safe.
ChromeDriver was started successfully.
[1617747219.235][WARNING]: This version of ChromeDriver has not been tested with Chrome version 89.
Apr 07, 2021 3:43:39 AM org.openqa.selenium.remote.ProtocolHandshake createSession
INFO: Detected dialect: W3C
]]></system-err>
  </testcase>
  <testcase name="verifyHomePageTitleTest" classname="com.crm.qa.tests.HomePageTest" time="0.009">
    <system-out><![CDATA[Before navigating to URL : https://classic.crmpro.com
Navigated to URL : https://classic.crmpro.com
Trying to find Element By : By.name: username
Found Element By : By.name: username
Value of element : [[ChromeDriver: chrome on WINDOWS (21bee02995e9dd6908d5d248c85fc580)] -> name: username] before any changes are made : [Ljava.lang.CharSequence;@1bb1fde8
Element : [[ChromeDriver: chrome on WINDOWS (21bee02995e9dd6908d5d248c85fc580)] -> name: username] value changed to : [Ljava.lang.CharSequence;@1bb1fde8
Trying to find Element By : By.name: password
Found Element By : By.name: password
Value of element : [[ChromeDriver: chrome on WINDOWS (21bee02995e9dd6908d5d248c85fc580)] -> name: password] before any changes are made : [Ljava.lang.CharSequence;@31e75d13
Element : [[ChromeDriver: chrome on WINDOWS (21bee02995e9dd6908d5d248c85fc580)] -> name: password] value changed to : [Ljava.lang.CharSequence;@31e75d13
Trying to find Element By : By.xpath: //input[@type='submit']
Found Element By : By.xpath: //input[@type='submit']
Trying to click on element : [[ChromeDriver: chrome on WINDOWS (21bee02995e9dd6908d5d248c85fc580)] -> xpath: //input[@type='submit']]
Clicked on element : [[ChromeDriver: chrome on WINDOWS (21bee02995e9dd6908d5d248c85fc580)] -> xpath: //input[@type='submit']]
]]></system-out>
    <system-err><![CDATA[Starting ChromeDriver 88.0.4324.96 (68dba2d8a0b149a1d3afac56fa74648032bcf46b-refs/branch-heads/4324@{#1784}) on port 26534
Only local connections are allowed.
Please see https://chromedriver.chromium.org/security-considerations for suggestions on keeping ChromeDriver safe.
ChromeDriver was started successfully.
[1617747234.008][WARNING]: This version of ChromeDriver has not been tested with Chrome version 89.
Apr 07, 2021 3:43:54 AM org.openqa.selenium.remote.ProtocolHandshake createSession
INFO: Detected dialect: W3C
]]></system-err>
  </testcase>
  <testcase name="verifyCorrectUserNameLabelTest" classname="com.crm.qa.tests.HomePageTest" time="0.116">
    <system-out><![CDATA[Before navigating to URL : https://classic.crmpro.com
Navigated to URL : https://classic.crmpro.com
Trying to find Element By : By.name: username
Found Element By : By.name: username
Value of element : [[ChromeDriver: chrome on WINDOWS (723806dcb98b2c306813ae95e416289a)] -> name: username] before any changes are made : [Ljava.lang.CharSequence;@60bdf15d
Element : [[ChromeDriver: chrome on WINDOWS (723806dcb98b2c306813ae95e416289a)] -> name: username] value changed to : [Ljava.lang.CharSequence;@60bdf15d
Trying to find Element By : By.name: password
Found Element By : By.name: password
Value of element : [[ChromeDriver: chrome on WINDOWS (723806dcb98b2c306813ae95e416289a)] -> name: password] before any changes are made : [Ljava.lang.CharSequence;@3f23a3a0
Element : [[ChromeDriver: chrome on WINDOWS (723806dcb98b2c306813ae95e416289a)] -> name: password] value changed to : [Ljava.lang.CharSequence;@3f23a3a0
Trying to find Element By : By.xpath: //input[@type='submit']
Found Element By : By.xpath: //input[@type='submit']
Trying to click on element : [[ChromeDriver: chrome on WINDOWS (723806dcb98b2c306813ae95e416289a)] -> xpath: //input[@type='submit']]
Clicked on element : [[ChromeDriver: chrome on WINDOWS (723806dcb98b2c306813ae95e416289a)] -> xpath: //input[@type='submit']]
Trying to find Element By : By.xpath: //td[contains(text(),'User: group automation')]
Found Element By : By.xpath: //td[contains(text(),'User: group automation')]
]]></system-out>
    <system-err><![CDATA[Starting ChromeDriver 88.0.4324.96 (68dba2d8a0b149a1d3afac56fa74648032bcf46b-refs/branch-heads/4324@{#1784}) on port 8147
Only local connections are allowed.
Please see https://chromedriver.chromium.org/security-considerations for suggestions on keeping ChromeDriver safe.
ChromeDriver was started successfully.
[1617747249.119][WARNING]: This version of ChromeDriver has not been tested with Chrome version 89.
Apr 07, 2021 3:44:09 AM org.openqa.selenium.remote.ProtocolHandshake createSession
INFO: Detected dialect: W3C
]]></system-err>
  </testcase>
  <testcase name="verifyContactsLinkTest" classname="com.crm.qa.tests.HomePageTest" time="1.196">
    <system-out><![CDATA[Before navigating to URL : https://classic.crmpro.com
Navigated to URL : https://classic.crmpro.com
Trying to find Element By : By.name: username
Found Element By : By.name: username
Value of element : [[ChromeDriver: chrome on WINDOWS (51d2a0598b49ebf654c2a0a77e6f28da)] -> name: username] before any changes are made : [Ljava.lang.CharSequence;@5aa0dbf4
Element : [[ChromeDriver: chrome on WINDOWS (51d2a0598b49ebf654c2a0a77e6f28da)] -> name: username] value changed to : [Ljava.lang.CharSequence;@5aa0dbf4
Trying to find Element By : By.name: password
Found Element By : By.name: password
Value of element : [[ChromeDriver: chrome on WINDOWS (51d2a0598b49ebf654c2a0a77e6f28da)] -> name: password] before any changes are made : [Ljava.lang.CharSequence;@5a021cb9
Element : [[ChromeDriver: chrome on WINDOWS (51d2a0598b49ebf654c2a0a77e6f28da)] -> name: password] value changed to : [Ljava.lang.CharSequence;@5a021cb9
Trying to find Element By : By.xpath: //input[@type='submit']
Found Element By : By.xpath: //input[@type='submit']
Trying to click on element : [[ChromeDriver: chrome on WINDOWS (51d2a0598b49ebf654c2a0a77e6f28da)] -> xpath: //input[@type='submit']]
Clicked on element : [[ChromeDriver: chrome on WINDOWS (51d2a0598b49ebf654c2a0a77e6f28da)] -> xpath: //input[@type='submit']]
Trying to find Element By : By.xpath: //a[contains(text(),'Contacts')]
Found Element By : By.xpath: //a[contains(text(),'Contacts')]
Trying to click on element : [[ChromeDriver: chrome on WINDOWS (51d2a0598b49ebf654c2a0a77e6f28da)] -> xpath: //a[contains(text(),'Contacts')]]
Clicked on element : [[ChromeDriver: chrome on WINDOWS (51d2a0598b49ebf654c2a0a77e6f28da)] -> xpath: //a[contains(text(),'Contacts')]]
]]></system-out>
    <system-err><![CDATA[Starting ChromeDriver 88.0.4324.96 (68dba2d8a0b149a1d3afac56fa74648032bcf46b-refs/branch-heads/4324@{#1784}) on port 25794
Only local connections are allowed.
Please see https://chromedriver.chromium.org/security-considerations for suggestions on keeping ChromeDriver safe.
ChromeDriver was started successfully.
[1617747265.901][WARNING]: This version of ChromeDriver has not been tested with Chrome version 89.
Apr 07, 2021 3:44:25 AM org.openqa.selenium.remote.ProtocolHandshake createSession
INFO: Detected dialect: W3C
]]></system-err>
  </testcase>
</testsuite>