<?xml version="1.0" encoding="UTF-8"?>
<!-- Generated by org.testng.reporters.JUnitReportReporter -->
<testsuite hostname="IONDELWS770" name="com.crm.qa.tests.LoginPageTest" tests="3" failures="0" timestamp="5 Apr 2021 20:33:42 GMT" time="33.779" errors="0">
  <testcase name="loginPageTitleTest" time="11.165" classname="com.crm.qa.tests.LoginPageTest"/>
  <testcase name="crmLogoImageTest" time="8.058" classname="com.crm.qa.tests.LoginPageTest"/>
  <testcase name="loginTest" time="14.556" classname="com.crm.qa.tests.LoginPageTest"/>
</testsuite> <!-- com.crm.qa.tests.LoginPageTest -->
