<?xml version="1.0" encoding="UTF-8"?>
<!-- Generated by org.testng.reporters.JUnitReportReporter -->
<testsuite hostname="IONDELWS770" name="com.crm.qa.tests.HomePageTest" tests="3" failures="0" timestamp="5 Apr 2021 20:33:43 GMT" time="48.083" errors="0">
  <testcase name="verifyContactsLinkTest" time="16.352" classname="com.crm.qa.tests.HomePageTest"/>
  <testcase name="verifyCorrectUserNameLabelTest" time="14.681" classname="com.crm.qa.tests.HomePageTest"/>
  <testcase name="verifyHomePageTitleTest" time="17.050" classname="com.crm.qa.tests.HomePageTest"/>
</testsuite> <!-- com.crm.qa.tests.HomePageTest -->
