<?xml version="1.0" encoding="UTF-8"?>
<!-- Generated by org.testng.reporters.JUnitReportReporter -->
<testsuite hostname="IONDELWS770" name="com.crm.qa.tests.HomePageTest" tests="3" failures="0" timestamp="6 Apr 2021 20:15:01 GMT" time="48.337" errors="0">
  <testcase name="verifyContactsLinkTest" time="16.152" classname="com.crm.qa.tests.HomePageTest"/>
  <testcase name="verifyHomePageTitleTest" time="15.410" classname="com.crm.qa.tests.HomePageTest"/>
  <testcase name="verifyCorrectUserNameLabelTest" time="16.775" classname="com.crm.qa.tests.HomePageTest"/>
</testsuite> <!-- com.crm.qa.tests.HomePageTest -->
