<?xml version="1.0" encoding="UTF-8"?>
<!-- Generated by org.testng.reporters.JUnitReportReporter -->
<testsuite hostname="IONDELWS770" name="com.crm.qa.tests.ContactsPageTest" tests="3" failures="0" timestamp="5 Apr 2021 20:33:43 GMT" time="50.082" errors="0">
  <testcase name="verifyContactsPageLabelTest" time="16.158" classname="com.crm.qa.tests.ContactsPageTest"/>
  <testcase name="selectContactsCheckboxTest" time="16.135" classname="com.crm.qa.tests.ContactsPageTest"/>
  <testcase name="selectMultipleContactsCheckboxTest" time="17.789" classname="com.crm.qa.tests.ContactsPageTest"/>
</testsuite> <!-- com.crm.qa.tests.ContactsPageTest -->
