<?xml version="1.0" encoding="UTF-8"?>
<!-- Generated by org.testng.reporters.JUnitReportReporter -->
<testsuite hostname="IONDELWS770" name="com.crm.qa.tests.NewContactPageTest" tests="4" failures="0" timestamp="5 Apr 2021 22:36:30 GMT" time="73.490" errors="0">
  <testcase name="validateCreateMultipleNewContractTest" time="18.689" classname="com.crm.qa.tests.NewContactPageTest"/>
  <testcase name="validateCreateMultipleNewContractTest" time="18.217" classname="com.crm.qa.tests.NewContactPageTest"/>
  <testcase name="validateCreateNewContractTest" time="18.233" classname="com.crm.qa.tests.NewContactPageTest"/>
  <testcase name="validateCreateMultipleNewContractTest" time="18.351" classname="com.crm.qa.tests.NewContactPageTest"/>
</testsuite> <!-- com.crm.qa.tests.NewContactPageTest -->
