<?xml version="1.0" encoding="UTF-8"?>
<!-- Generated by org.testng.reporters.JUnitReportReporter -->
<testsuite skipped="0" hostname="IONDELWS770" name="com.crm.qa.tests.LoginPageTest" tests="3" failures="0" timestamp="2021-04-07T03:44:41 IST" time="30.812" errors="0">
  <testcase name="loginPageTitleTest" time="8.312" classname="com.crm.qa.tests.LoginPageTest"/>
  <system-out/>
  <testcase name="crmLogoImageTest" time="7.807" classname="com.crm.qa.tests.LoginPageTest"/>
  <system-out/>
  <testcase name="loginTest" time="14.693" classname="com.crm.qa.tests.LoginPageTest"/>
  <system-out/>
</testsuite> <!-- com.crm.qa.tests.LoginPageTest -->
