<?xml version="1.0" encoding="UTF-8"?>
<!-- Generated by org.testng.reporters.JUnitReportReporter -->
<testsuite skipped="0" hostname="IONDELWS770" name="com.crm.qa.tests.HomePageTest" tests="3" failures="0" timestamp="2021-04-07T03:44:41 IST" time="48.230" errors="0">
  <testcase name="verifyHomePageTitleTest" time="15.109" classname="com.crm.qa.tests.HomePageTest"/>
  <system-out/>
  <testcase name="verifyCorrectUserNameLabelTest" time="16.797" classname="com.crm.qa.tests.HomePageTest"/>
  <system-out/>
  <testcase name="verifyContactsLinkTest" time="16.324" classname="com.crm.qa.tests.HomePageTest"/>
  <system-out/>
</testsuite> <!-- com.crm.qa.tests.HomePageTest -->
